<?xml version="1.0" encoding="UTF-8"?>
<testsuite xmlns:xsi="http://www.w3.org/2001/XMLSchema-instance" xsi:noNamespaceSchemaLocation="https://maven.apache.org/surefire/maven-surefire-plugin/xsd/surefire-test-report.xsd" name="ed.biordm.mail.test.MailingApplicationTest" time="2.254" tests="1" errors="0" skipped="0" failures="0">
  <properties>
    <property name="sun.desktop" value="windows"/>
    <property name="awt.toolkit" value="sun.awt.windows.WToolkit"/>
    <property name="java.specification.version" value="11"/>
    <property name="sun.cpu.isalist" value="amd64"/>
    <property name="sun.jnu.encoding" value="Cp1252"/>
    <property name="java.class.path" value="E:\Projects\NBeans\mail-test\target\test-classes;E:\Projects\NBeans\mail-test\target\classes;E:\Reps\mvn\org\springframework\boot\spring-boot-starter-mail\2.7.6\spring-boot-starter-mail-2.7.6.jar;E:\Reps\mvn\org\springframework\boot\spring-boot-starter\2.7.6\spring-boot-starter-2.7.6.jar;E:\Reps\mvn\org\springframework\boot\spring-boot\2.7.6\spring-boot-2.7.6.jar;E:\Reps\mvn\org\springframework\boot\spring-boot-autoconfigure\2.7.6\spring-boot-autoconfigure-2.7.6.jar;E:\Reps\mvn\org\springframework\boot\spring-boot-starter-logging\2.7.6\spring-boot-starter-logging-2.7.6.jar;E:\Reps\mvn\ch\qos\logback\logback-classic\1.2.11\logback-classic-1.2.11.jar;E:\Reps\mvn\ch\qos\logback\logback-core\1.2.11\logback-core-1.2.11.jar;E:\Reps\mvn\org\apache\logging\log4j\log4j-to-slf4j\2.17.2\log4j-to-slf4j-2.17.2.jar;E:\Reps\mvn\org\apache\logging\log4j\log4j-api\2.17.2\log4j-api-2.17.2.jar;E:\Reps\mvn\org\slf4j\jul-to-slf4j\1.7.36\jul-to-slf4j-1.7.36.jar;E:\Reps\mvn\jakarta\annotation\jakarta.annotation-api\1.3.5\jakarta.annotation-api-1.3.5.jar;E:\Reps\mvn\org\yaml\snakeyaml\1.30\snakeyaml-1.30.jar;E:\Reps\mvn\org\springframework\spring-context-support\5.3.24\spring-context-support-5.3.24.jar;E:\Reps\mvn\org\springframework\spring-beans\5.3.24\spring-beans-5.3.24.jar;E:\Reps\mvn\org\springframework\spring-context\5.3.24\spring-context-5.3.24.jar;E:\Reps\mvn\org\springframework\spring-aop\5.3.24\spring-aop-5.3.24.jar;E:\Reps\mvn\org\springframework\spring-expression\5.3.24\spring-expression-5.3.24.jar;E:\Reps\mvn\com\sun\mail\jakarta.mail\1.6.7\jakarta.mail-1.6.7.jar;E:\Reps\mvn\com\sun\activation\jakarta.activation\1.2.2\jakarta.activation-1.2.2.jar;E:\Reps\mvn\org\springframework\boot\spring-boot-starter-test\2.7.6\spring-boot-starter-test-2.7.6.jar;E:\Reps\mvn\org\springframework\boot\spring-boot-test\2.7.6\spring-boot-test-2.7.6.jar;E:\Reps\mvn\org\springframework\boot\spring-boot-test-autoconfigure\2.7.6\spring-boot-test-autoconfigure-2.7.6.jar;E:\Reps\mvn\com\jayway\jsonpath\json-path\2.7.0\json-path-2.7.0.jar;E:\Reps\mvn\net\minidev\json-smart\2.4.8\json-smart-2.4.8.jar;E:\Reps\mvn\net\minidev\accessors-smart\2.4.8\accessors-smart-2.4.8.jar;E:\Reps\mvn\org\ow2\asm\asm\9.1\asm-9.1.jar;E:\Reps\mvn\org\slf4j\slf4j-api\1.7.36\slf4j-api-1.7.36.jar;E:\Reps\mvn\jakarta\xml\bind\jakarta.xml.bind-api\2.3.3\jakarta.xml.bind-api-2.3.3.jar;E:\Reps\mvn\jakarta\activation\jakarta.activation-api\1.2.2\jakarta.activation-api-1.2.2.jar;E:\Reps\mvn\org\assertj\assertj-core\3.22.0\assertj-core-3.22.0.jar;E:\Reps\mvn\org\hamcrest\hamcrest\2.2\hamcrest-2.2.jar;E:\Reps\mvn\org\junit\jupiter\junit-jupiter\5.8.2\junit-jupiter-5.8.2.jar;E:\Reps\mvn\org\junit\jupiter\junit-jupiter-api\5.8.2\junit-jupiter-api-5.8.2.jar;E:\Reps\mvn\org\junit\jupiter\junit-jupiter-params\5.8.2\junit-jupiter-params-5.8.2.jar;E:\Reps\mvn\org\junit\jupiter\junit-jupiter-engine\5.8.2\junit-jupiter-engine-5.8.2.jar;E:\Reps\mvn\org\mockito\mockito-core\4.5.1\mockito-core-4.5.1.jar;E:\Reps\mvn\net\bytebuddy\byte-buddy\1.12.19\byte-buddy-1.12.19.jar;E:\Reps\mvn\net\bytebuddy\byte-buddy-agent\1.12.19\byte-buddy-agent-1.12.19.jar;E:\Reps\mvn\org\objenesis\objenesis\3.2\objenesis-3.2.jar;E:\Reps\mvn\org\mockito\mockito-junit-jupiter\4.5.1\mockito-junit-jupiter-4.5.1.jar;E:\Reps\mvn\org\skyscreamer\jsonassert\1.5.1\jsonassert-1.5.1.jar;E:\Reps\mvn\com\vaadin\external\google\android-json\0.0.20131108.vaadin1\android-json-0.0.20131108.vaadin1.jar;E:\Reps\mvn\org\springframework\spring-core\5.3.24\spring-core-5.3.24.jar;E:\Reps\mvn\org\springframework\spring-jcl\5.3.24\spring-jcl-5.3.24.jar;E:\Reps\mvn\org\springframework\spring-test\5.3.24\spring-test-5.3.24.jar;E:\Reps\mvn\org\xmlunit\xmlunit-core\2.9.0\xmlunit-core-2.9.0.jar;E:\Reps\mvn\org\junit\vintage\junit-vintage-engine\5.8.2\junit-vintage-engine-5.8.2.jar;E:\Reps\mvn\org\junit\platform\junit-platform-engine\1.8.2\junit-platform-engine-1.8.2.jar;E:\Reps\mvn\org\opentest4j\opentest4j\1.2.0\opentest4j-1.2.0.jar;E:\Reps\mvn\org\junit\platform\junit-platform-commons\1.8.2\junit-platform-commons-1.8.2.jar;E:\Reps\mvn\junit\junit\4.13.2\junit-4.13.2.jar;E:\Reps\mvn\org\hamcrest\hamcrest-core\2.2\hamcrest-core-2.2.jar;E:\Reps\mvn\org\apiguardian\apiguardian-api\1.1.2\apiguardian-api-1.1.2.jar;E:\Reps\mvn\org\apache\httpcomponents\httpclient\4.5.13\httpclient-4.5.13.jar;E:\Reps\mvn\org\apache\httpcomponents\httpcore\4.4.15\httpcore-4.4.15.jar;E:\Reps\mvn\commons-codec\commons-codec\1.15\commons-codec-1.15.jar;"/>
    <property name="java.vm.vendor" value="Oracle Corporation"/>
    <property name="sun.arch.data.model" value="64"/>
    <property name="user.variant" value=""/>
    <property name="java.vendor.url" value="https://openjdk.java.net/"/>
    <property name="user.timezone" value="Europe/London"/>
    <property name="java.vm.specification.version" value="11"/>
    <property name="os.name" value="Windows 10"/>
    <property name="user.country" value="GB"/>
    <property name="sun.java.launcher" value="SUN_STANDARD"/>
    <property name="sun.boot.library.path" value="C:\Program Files\Java\jdk-11.0.13\bin"/>
    <property name="sun.java.command" value="C:\Users\tzielins\AppData\Local\Temp\surefire17731678616230481150\surefirebooter7563331653501284623.jar C:\Users\tzielins\AppData\Local\Temp\surefire17731678616230481150 2022-12-08T00-58-12_655-jvmRun1 surefire17038155568350969861tmp surefire_02012760092216749554tmp"/>
    <property name="jdk.debug" value="release"/>
    <property name="surefire.test.class.path" value="E:\Projects\NBeans\mail-test\target\test-classes;E:\Projects\NBeans\mail-test\target\classes;E:\Reps\mvn\org\springframework\boot\spring-boot-starter-mail\2.7.6\spring-boot-starter-mail-2.7.6.jar;E:\Reps\mvn\org\springframework\boot\spring-boot-starter\2.7.6\spring-boot-starter-2.7.6.jar;E:\Reps\mvn\org\springframework\boot\spring-boot\2.7.6\spring-boot-2.7.6.jar;E:\Reps\mvn\org\springframework\boot\spring-boot-autoconfigure\2.7.6\spring-boot-autoconfigure-2.7.6.jar;E:\Reps\mvn\org\springframework\boot\spring-boot-starter-logging\2.7.6\spring-boot-starter-logging-2.7.6.jar;E:\Reps\mvn\ch\qos\logback\logback-classic\1.2.11\logback-classic-1.2.11.jar;E:\Reps\mvn\ch\qos\logback\logback-core\1.2.11\logback-core-1.2.11.jar;E:\Reps\mvn\org\apache\logging\log4j\log4j-to-slf4j\2.17.2\log4j-to-slf4j-2.17.2.jar;E:\Reps\mvn\org\apache\logging\log4j\log4j-api\2.17.2\log4j-api-2.17.2.jar;E:\Reps\mvn\org\slf4j\jul-to-slf4j\1.7.36\jul-to-slf4j-1.7.36.jar;E:\Reps\mvn\jakarta\annotation\jakarta.annotation-api\1.3.5\jakarta.annotation-api-1.3.5.jar;E:\Reps\mvn\org\yaml\snakeyaml\1.30\snakeyaml-1.30.jar;E:\Reps\mvn\org\springframework\spring-context-support\5.3.24\spring-context-support-5.3.24.jar;E:\Reps\mvn\org\springframework\spring-beans\5.3.24\spring-beans-5.3.24.jar;E:\Reps\mvn\org\springframework\spring-context\5.3.24\spring-context-5.3.24.jar;E:\Reps\mvn\org\springframework\spring-aop\5.3.24\spring-aop-5.3.24.jar;E:\Reps\mvn\org\springframework\spring-expression\5.3.24\spring-expression-5.3.24.jar;E:\Reps\mvn\com\sun\mail\jakarta.mail\1.6.7\jakarta.mail-1.6.7.jar;E:\Reps\mvn\com\sun\activation\jakarta.activation\1.2.2\jakarta.activation-1.2.2.jar;E:\Reps\mvn\org\springframework\boot\spring-boot-starter-test\2.7.6\spring-boot-starter-test-2.7.6.jar;E:\Reps\mvn\org\springframework\boot\spring-boot-test\2.7.6\spring-boot-test-2.7.6.jar;E:\Reps\mvn\org\springframework\boot\spring-boot-test-autoconfigure\2.7.6\spring-boot-test-autoconfigure-2.7.6.jar;E:\Reps\mvn\com\jayway\jsonpath\json-path\2.7.0\json-path-2.7.0.jar;E:\Reps\mvn\net\minidev\json-smart\2.4.8\json-smart-2.4.8.jar;E:\Reps\mvn\net\minidev\accessors-smart\2.4.8\accessors-smart-2.4.8.jar;E:\Reps\mvn\org\ow2\asm\asm\9.1\asm-9.1.jar;E:\Reps\mvn\org\slf4j\slf4j-api\1.7.36\slf4j-api-1.7.36.jar;E:\Reps\mvn\jakarta\xml\bind\jakarta.xml.bind-api\2.3.3\jakarta.xml.bind-api-2.3.3.jar;E:\Reps\mvn\jakarta\activation\jakarta.activation-api\1.2.2\jakarta.activation-api-1.2.2.jar;E:\Reps\mvn\org\assertj\assertj-core\3.22.0\assertj-core-3.22.0.jar;E:\Reps\mvn\org\hamcrest\hamcrest\2.2\hamcrest-2.2.jar;E:\Reps\mvn\org\junit\jupiter\junit-jupiter\5.8.2\junit-jupiter-5.8.2.jar;E:\Reps\mvn\org\junit\jupiter\junit-jupiter-api\5.8.2\junit-jupiter-api-5.8.2.jar;E:\Reps\mvn\org\junit\jupiter\junit-jupiter-params\5.8.2\junit-jupiter-params-5.8.2.jar;E:\Reps\mvn\org\junit\jupiter\junit-jupiter-engine\5.8.2\junit-jupiter-engine-5.8.2.jar;E:\Reps\mvn\org\mockito\mockito-core\4.5.1\mockito-core-4.5.1.jar;E:\Reps\mvn\net\bytebuddy\byte-buddy\1.12.19\byte-buddy-1.12.19.jar;E:\Reps\mvn\net\bytebuddy\byte-buddy-agent\1.12.19\byte-buddy-agent-1.12.19.jar;E:\Reps\mvn\org\objenesis\objenesis\3.2\objenesis-3.2.jar;E:\Reps\mvn\org\mockito\mockito-junit-jupiter\4.5.1\mockito-junit-jupiter-4.5.1.jar;E:\Reps\mvn\org\skyscreamer\jsonassert\1.5.1\jsonassert-1.5.1.jar;E:\Reps\mvn\com\vaadin\external\google\android-json\0.0.20131108.vaadin1\android-json-0.0.20131108.vaadin1.jar;E:\Reps\mvn\org\springframework\spring-core\5.3.24\spring-core-5.3.24.jar;E:\Reps\mvn\org\springframework\spring-jcl\5.3.24\spring-jcl-5.3.24.jar;E:\Reps\mvn\org\springframework\spring-test\5.3.24\spring-test-5.3.24.jar;E:\Reps\mvn\org\xmlunit\xmlunit-core\2.9.0\xmlunit-core-2.9.0.jar;E:\Reps\mvn\org\junit\vintage\junit-vintage-engine\5.8.2\junit-vintage-engine-5.8.2.jar;E:\Reps\mvn\org\junit\platform\junit-platform-engine\1.8.2\junit-platform-engine-1.8.2.jar;E:\Reps\mvn\org\opentest4j\opentest4j\1.2.0\opentest4j-1.2.0.jar;E:\Reps\mvn\org\junit\platform\junit-platform-commons\1.8.2\junit-platform-commons-1.8.2.jar;E:\Reps\mvn\junit\junit\4.13.2\junit-4.13.2.jar;E:\Reps\mvn\org\hamcrest\hamcrest-core\2.2\hamcrest-core-2.2.jar;E:\Reps\mvn\org\apiguardian\apiguardian-api\1.1.2\apiguardian-api-1.1.2.jar;E:\Reps\mvn\org\apache\httpcomponents\httpclient\4.5.13\httpclient-4.5.13.jar;E:\Reps\mvn\org\apache\httpcomponents\httpcore\4.4.15\httpcore-4.4.15.jar;E:\Reps\mvn\commons-codec\commons-codec\1.15\commons-codec-1.15.jar;"/>
    <property name="sun.cpu.endian" value="little"/>
    <property name="user.home" value="C:\Users\tzielins"/>
    <property name="user.language" value="en"/>
    <property name="java.specification.vendor" value="Oracle Corporation"/>
    <property name="java.version.date" value="2021-10-19"/>
    <property name="java.home" value="C:\Program Files\Java\jdk-11.0.13"/>
    <property name="file.separator" value="\"/>
    <property name="basedir" value="E:\Projects\NBeans\mail-test"/>
    <property name="java.vm.compressedOopsMode" value="Zero based"/>
    <property name="line.separator" value="&#10;"/>
    <property name="java.specification.name" value="Java Platform API Specification"/>
    <property name="java.vm.specification.vendor" value="Oracle Corporation"/>
    <property name="java.awt.graphicsenv" value="sun.awt.Win32GraphicsEnvironment"/>
    <property name="surefire.real.class.path" value="C:\Users\tzielins\AppData\Local\Temp\surefire17731678616230481150\surefirebooter7563331653501284623.jar"/>
    <property name="user.script" value=""/>
    <property name="sun.management.compiler" value="HotSpot 64-Bit Tiered Compilers"/>
    <property name="java.runtime.version" value="11.0.13+10-LTS-370"/>
    <property name="user.name" value="tzielins"/>
    <property name="path.separator" value=";"/>
    <property name="os.version" value="10.0"/>
    <property name="java.runtime.name" value="Java(TM) SE Runtime Environment"/>
    <property name="file.encoding" value="UTF-8"/>
    <property name="java.vm.name" value="Java HotSpot(TM) 64-Bit Server VM"/>
    <property name="java.vendor.version" value="18.9"/>
    <property name="maven.ext.class.path" value="E:\IDE\NetBeans-12.5\netbeans\java\maven-nblib\netbeans-eventspy.jar"/>
    <property name="localRepository" value="E:\Reps\mvn"/>
    <property name="java.vendor.url.bug" value="https://bugreport.java.com/bugreport/"/>
    <property name="java.io.tmpdir" value="C:\Users\tzielins\AppData\Local\Temp\"/>
    <property name="java.version" value="11.0.13"/>
    <property name="user.dir" value="E:\Projects\NBeans\mail-test"/>
    <property name="os.arch" value="amd64"/>
    <property name="java.vm.specification.name" value="Java Virtual Machine Specification"/>
    <property name="java.awt.printerjob" value="sun.awt.windows.WPrinterJob"/>
    <property name="sun.os.patch.level" value=""/>
    <property name="java.library.path" value="C:\Program Files\Java\jdk-11.0.13\bin;C:\WINDOWS\Sun\Java\bin;C:\WINDOWS\system32;C:\WINDOWS;C:\Python310\Scripts\;C:\Python310\;C:\Program Files\Common Files\Oracle\Java\javapath;C:\WINDOWS\system32;C:\WINDOWS;C:\WINDOWS\System32\Wbem;C:\WINDOWS\System32\WindowsPowerShell\v1.0\;C:\WINDOWS\System32\OpenSSH\;C:\Program Files\Docker\Docker\resources\bin;C:\ProgramData\DockerDesktop\version-bin;C:\Program Files\PuTTY\;E:\Servers\nodejs\;C:\ProgramData\chocolatey\bin;C:\Program Files\Git\cmd;C:\Program Files\MySQL\MySQL Shell 8.0\bin\;C:\Users\tzielins\AppData\Local\Microsoft\WindowsApps;E:\Servers\npm;C:\Users\tzielins\AppData\Roaming\npm;;C:\Users\tzielins\AppData\Local\Programs\Microsoft VS Code\bin;."/>
    <property name="java.vendor" value="Oracle Corporation"/>
    <property name="java.vm.info" value="mixed mode"/>
    <property name="java.vm.version" value="11.0.13+10-LTS-370"/>
    <property name="sun.io.unicode.encoding" value="UnicodeLittle"/>
    <property name="java.class.version" value="55.0"/>
  </properties>
  <testcase name="contextLoads" classname="ed.biordm.mail.test.MailingApplicationTest" time="0.232"/>
</testsuite>